<?xml version="1.0" encoding="UTF-8"?>
<!-- Generated by org.testng.reporters.JUnitXMLReporter -->
<testsuite ignored="0" hostname="MR-BISWAL" failures="1" tests="1" name="Test" time="18.676" errors="0" timestamp="2024-02-05T07:43:07 IST">
  <testcase classname="testcases.Tc002LoginTest" name="test_login" time="11.241">
    <failure type="java.lang.AssertionError" message="expected [true] but found [false]">
      <![CDATA[java.lang.AssertionError: expected [true] but found [false]
at testcases.Tc002LoginTest.test_login(Tc002LoginTest.java:27)
at java.base/java.util.ArrayList.forEach(ArrayList.java:1511)
at java.base/java.util.concurrent.FutureTask.run(FutureTask.java:264)
at java.base/java.util.concurrent.ThreadPoolExecutor.runWorker(ThreadPoolExecutor.java:1136)
at java.base/java.util.concurrent.ThreadPoolExecutor$Worker.run(ThreadPoolExecutor.java:635)
at java.base/java.lang.Thread.run(Thread.java:833)
... Removed 24 stack frames]]>
    </failure>
  </testcase> <!-- test_login -->
</testsuite> <!-- Test -->
